Running shots=10 -> energy/energy_1_1
Running shots=10 -> energy/energy_1_2
Running shots=10 -> energy/energy_1_3
Running shots=10 -> energy/energy_1_4
Running shots=10 -> energy/energy_1_5
Running shots=100 -> energy/energy_2_1
Running shots=100 -> energy/energy_2_2
Running shots=100 -> energy/energy_2_3
Running shots=100 -> energy/energy_2_4
Running shots=100 -> energy/energy_2_5
Running shots=1000 -> energy/energy_3_1
Running shots=1000 -> energy/energy_3_2
Running shots=1000 -> energy/energy_3_3
Running shots=1000 -> energy/energy_3_4
Running shots=1000 -> energy/energy_3_5
Running shots=10000 -> energy/energy_4_1
Running shots=10000 -> energy/energy_4_2
Running shots=10000 -> energy/energy_4_3
Running shots=10000 -> energy/energy_4_4
Running shots=10000 -> energy/energy_4_5
Running shots=100000 -> energy/energy_5_1
Running shots=100000 -> energy/energy_5_2
Running shots=100000 -> energy/energy_5_3
Running shots=100000 -> energy/energy_5_4
Running shots=100000 -> energy/energy_5_5
Running shots=1000000 -> energy/energy_6_1
Running shots=1000000 -> energy/energy_6_2
Running shots=1000000 -> energy/energy_6_3
Running shots=1000000 -> energy/energy_6_4
Running shots=1000000 -> energy/energy_6_5
Running shots=10000000 -> energy/energy_7_1
Running shots=10000000 -> energy/energy_7_2
Running shots=10000000 -> energy/energy_7_3
Running shots=10000000 -> energy/energy_7_4
Running shots=10000000 -> energy/energy_7_5
Running shots=100000000 -> energy/energy_8_1
Running shots=100000000 -> energy/energy_8_2
Running shots=100000000 -> energy/energy_8_3
Running shots=100000000 -> energy/energy_8_4
Running shots=100000000 -> energy/energy_8_5
ALL DONE.
Running shots=10 -> energy/energy_1_1
Running shots=10 -> energy/energy_1_2
Running shots=10 -> energy/energy_1_3
Running shots=10 -> energy/energy_1_4
Running shots=10 -> energy/energy_1_5
Running shots=100 -> energy/energy_2_1
Running shots=100 -> energy/energy_2_2
Running shots=100 -> energy/energy_2_3
Running shots=100 -> energy/energy_2_4
Running shots=100 -> energy/energy_2_5
Running shots=1000 -> energy/energy_3_1
Running shots=1000 -> energy/energy_3_2
Running shots=1000 -> energy/energy_3_3
Running shots=1000 -> energy/energy_3_4
Running shots=1000 -> energy/energy_3_5
Running shots=10000 -> energy/energy_4_1
Running shots=10000 -> energy/energy_4_2
Running shots=10000 -> energy/energy_4_3
Running shots=10000 -> energy/energy_4_4
Running shots=10000 -> energy/energy_4_5
Running shots=100000 -> energy/energy_5_1
Running shots=100000 -> energy/energy_5_2
Running shots=100000 -> energy/energy_5_3
Running shots=100000 -> energy/energy_5_4
Running shots=100000 -> energy/energy_5_5
Running shots=1000000 -> energy/energy_6_1
Running shots=1000000 -> energy/energy_6_2
Running shots=1000000 -> energy/energy_6_3
Running shots=1000000 -> energy/energy_6_4
Running shots=1000000 -> energy/energy_6_5
Running shots=10000000 -> energy/energy_7_1
Running shots=10000000 -> energy/energy_7_2
Running shots=10000000 -> energy/energy_7_3
Running shots=10000000 -> energy/energy_7_4
Running shots=10000000 -> energy/energy_7_5
Running shots=100000000 -> energy/energy_8_1
Running shots=100000000 -> energy/energy_8_2
Running shots=100000000 -> energy/energy_8_3
Running shots=100000000 -> energy/energy_8_4
Running shots=100000000 -> energy/energy_8_5
ALL DONE.
Running shots=10 -> energy/energy_1_1
Running shots=10 -> energy/energy_1_2
Running shots=10 -> energy/energy_1_3
Running shots=10 -> energy/energy_1_4
Running shots=10 -> energy/energy_1_5
Running shots=100 -> energy/energy_2_1
Running shots=100 -> energy/energy_2_2
Running shots=100 -> energy/energy_2_3
Running shots=100 -> energy/energy_2_4
Running shots=100 -> energy/energy_2_5
Running shots=1000 -> energy/energy_3_1
Running shots=1000 -> energy/energy_3_2
Running shots=1000 -> energy/energy_3_3
Running shots=1000 -> energy/energy_3_4
Running shots=1000 -> energy/energy_3_5
Running shots=10000 -> energy/energy_4_1
Running shots=10000 -> energy/energy_4_2
Running shots=10000 -> energy/energy_4_3
Running shots=10000 -> energy/energy_4_4
Running shots=10000 -> energy/energy_4_5
Running shots=100000 -> energy/energy_5_1
Running shots=100000 -> energy/energy_5_2
Running shots=100000 -> energy/energy_5_3
Running shots=100000 -> energy/energy_5_4
Running shots=100000 -> energy/energy_5_5
Running shots=1000000 -> energy/energy_6_1
Running shots=1000000 -> energy/energy_6_2
Running shots=1000000 -> energy/energy_6_3
Running shots=1000000 -> energy/energy_6_4
Running shots=1000000 -> energy/energy_6_5
Running shots=10000000 -> energy/energy_7_1
Running shots=10000000 -> energy/energy_7_2
Running shots=10000000 -> energy/energy_7_3
Running shots=10000000 -> energy/energy_7_4
Running shots=10000000 -> energy/energy_7_5
Running shots=100000000 -> energy/energy_8_1
Running shots=100000000 -> energy/energy_8_2
Running shots=100000000 -> energy/energy_8_3
Running shots=100000000 -> energy/energy_8_4
Running shots=100000000 -> energy/energy_8_5
ALL DONE.
Running shots=10 -> energy/energy_1_1
Running shots=10 -> energy/energy_1_2
Running shots=10 -> energy/energy_1_3
Running shots=10 -> energy/energy_1_4
Running shots=10 -> energy/energy_1_5
Running shots=100 -> energy/energy_2_1
Running shots=100 -> energy/energy_2_2
Running shots=100 -> energy/energy_2_3
Running shots=100 -> energy/energy_2_4
Running shots=100 -> energy/energy_2_5
Running shots=1000 -> energy/energy_3_1
Running shots=1000 -> energy/energy_3_2
Running shots=1000 -> energy/energy_3_3
Running shots=1000 -> energy/energy_3_4
Running shots=1000 -> energy/energy_3_5
Running shots=10000 -> energy/energy_4_1
Running shots=10000 -> energy/energy_4_2
Running shots=10000 -> energy/energy_4_3
Running shots=10000 -> energy/energy_4_4
Running shots=10000 -> energy/energy_4_5
Running shots=100000 -> energy/energy_5_1
Running shots=100000 -> energy/energy_5_2
Running shots=100000 -> energy/energy_5_3
Running shots=100000 -> energy/energy_5_4
Running shots=100000 -> energy/energy_5_5
Running shots=1000000 -> energy/energy_6_1
Running shots=1000000 -> energy/energy_6_2
Running shots=1000000 -> energy/energy_6_3
Running shots=1000000 -> energy/energy_6_4
Running shots=1000000 -> energy/energy_6_5
Running shots=10000000 -> energy/energy_7_1
Running shots=10000000 -> energy/energy_7_2
Running shots=10000000 -> energy/energy_7_3
Running shots=10000000 -> energy/energy_7_4
Running shots=10000000 -> energy/energy_7_5
Running shots=100000000 -> energy/energy_8_1
Running shots=10 -> energy/energy_1_1
Running shots=10 -> energy/energy_1_2
Running shots=10 -> energy/energy_1_3
Running shots=10 -> energy/energy_1_4
Running shots=10 -> energy/energy_1_5
Running shots=100 -> energy/energy_2_1
Running shots=100 -> energy/energy_2_2
Running shots=100 -> energy/energy_2_3
Running shots=100 -> energy/energy_2_4
Running shots=100 -> energy/energy_2_5
Running shots=1000 -> energy/energy_3_1
Running shots=1000 -> energy/energy_3_2
Running shots=1000 -> energy/energy_3_3
Running shots=1000 -> energy/energy_3_4
Running shots=1000 -> energy/energy_3_5
Running shots=10000 -> energy/energy_4_1
Running shots=10000 -> energy/energy_4_2
Running shots=10000 -> energy/energy_4_3
Running shots=10000 -> energy/energy_4_4
Running shots=10000 -> energy/energy_4_5
Running shots=100000 -> energy/energy_5_1
Running shots=100000 -> energy/energy_5_2
Running shots=100000 -> energy/energy_5_3
Running shots=100000 -> energy/energy_5_4
Running shots=100000 -> energy/energy_5_5
Running shots=1000000 -> energy/energy_6_1
Running shots=1000000 -> energy/energy_6_2
Running shots=1000000 -> energy/energy_6_3
Running shots=1000000 -> energy/energy_6_4
Running shots=1000000 -> energy/energy_6_5
Running shots=10000000 -> energy/energy_7_1
Running shots=10000000 -> energy/energy_7_2
Running shots=10000000 -> energy/energy_7_3
Running shots=10000000 -> energy/energy_7_4
Running shots=10000000 -> energy/energy_7_5
Running shots=100000000 -> energy/energy_8_1
Running shots=10 -> energy/energy_1_1
Running shots=10 -> energy/energy_1_2
Running shots=10 -> energy/energy_1_3
Running shots=10 -> energy/energy_1_4
Running shots=10 -> energy/energy_1_5
Running shots=100 -> energy/energy_2_1
Running shots=100 -> energy/energy_2_2
Running shots=100 -> energy/energy_2_3
Running shots=100 -> energy/energy_2_4
Running shots=100 -> energy/energy_2_5
Running shots=1000 -> energy/energy_3_1
Running shots=1000 -> energy/energy_3_2
Running shots=1000 -> energy/energy_3_3
Running shots=1000 -> energy/energy_3_4
Running shots=1000 -> energy/energy_3_5
Running shots=10000 -> energy/energy_4_1
Running shots=10000 -> energy/energy_4_2
Running shots=10000 -> energy/energy_4_3
Running shots=10000 -> energy/energy_4_4
Running shots=10000 -> energy/energy_4_5
Running shots=100000 -> energy/energy_5_1
Running shots=100000 -> energy/energy_5_2
Running shots=100000 -> energy/energy_5_3
Running shots=100000 -> energy/energy_5_4
Running shots=100000 -> energy/energy_5_5
Running shots=1000000 -> energy/energy_6_1
Running shots=1000000 -> energy/energy_6_2
Running shots=1000000 -> energy/energy_6_3
Running shots=1000000 -> energy/energy_6_4
Running shots=1000000 -> energy/energy_6_5
Running shots=10000000 -> energy/energy_7_1
Running shots=10000000 -> energy/energy_7_2
Running shots=10000000 -> energy/energy_7_3
Running shots=10000000 -> energy/energy_7_4
Running shots=10000000 -> energy/energy_7_5
Running shots=100000000 -> energy/energy_8_1
Running shots=10 -> energy/energy_1_1
Running shots=10 -> energy/energy_1_2
Running shots=10 -> energy/energy_1_3
Running shots=10 -> energy/energy_1_4
Running shots=10 -> energy/energy_1_5
Running shots=100 -> energy/energy_2_1
Running shots=100 -> energy/energy_2_2
Running shots=100 -> energy/energy_2_3
Running shots=100 -> energy/energy_2_4
Running shots=100 -> energy/energy_2_5
Running shots=1000 -> energy/energy_3_1
Running shots=1000 -> energy/energy_3_2
Running shots=1000 -> energy/energy_3_3
Running shots=1000 -> energy/energy_3_4
Running shots=1000 -> energy/energy_3_5
Running shots=10000 -> energy/energy_4_1
Running shots=10000 -> energy/energy_4_2
Running shots=10000 -> energy/energy_4_3
Running shots=10000 -> energy/energy_4_4
Running shots=10000 -> energy/energy_4_5
Running shots=100000 -> energy/energy_5_1
Running shots=100000 -> energy/energy_5_2
Running shots=100000 -> energy/energy_5_3
Running shots=100000 -> energy/energy_5_4
Running shots=100000 -> energy/energy_5_5
Running shots=1000000 -> energy/energy_6_1
Running shots=1000000 -> energy/energy_6_2
Running shots=1000000 -> energy/energy_6_3
Running shots=1000000 -> energy/energy_6_4
Running shots=1000000 -> energy/energy_6_5
Running shots=10000000 -> energy/energy_7_1
Running shots=10000000 -> energy/energy_7_2
Running shots=10000000 -> energy/energy_7_3
Running shots=10000000 -> energy/energy_7_4
Running shots=10000000 -> energy/energy_7_5
Running shots=100000000 -> energy/energy_8_1
/home/kun/anaconda3/envs/qml-gpu/lib/python3.10/site-packages/requests/__init__.py:86: RequestsDependencyWarning: Unable to find acceptable character detection dependency (chardet or charset_normalizer).
  warnings.warn(
Using device: lightning.gpu
saved 32 rows to energy/energy_0
/home/kun/anaconda3/envs/qml-gpu/lib/python3.10/site-packages/requests/__init__.py:86: RequestsDependencyWarning: Unable to find acceptable character detection dependency (chardet or charset_normalizer).
  warnings.warn(
Using device: lightning.gpu
saved 32 rows to energy/energy_0
/home/kun/anaconda3/envs/qml-gpu/lib/python3.10/site-packages/requests/__init__.py:86: RequestsDependencyWarning: Unable to find acceptable character detection dependency (chardet or charset_normalizer).
  warnings.warn(
Using device: lightning.gpu
saved 32 rows to energy/energy_0
/home/kun/anaconda3/envs/qml-gpu/lib/python3.10/site-packages/requests/__init__.py:86: RequestsDependencyWarning: Unable to find acceptable character detection dependency (chardet or charset_normalizer).
  warnings.warn(
Using device: lightning.gpu
saved 32 rows to energy/energy_0
Running shots=10 -> energy/energy_1_1
Running shots=10 -> energy/energy_1_2
Running shots=10 -> energy/energy_1_3
Running shots=10 -> energy/energy_1_4
Running shots=10 -> energy/energy_1_5
Running shots=100 -> energy/energy_2_1
Running shots=100 -> energy/energy_2_2
Running shots=100 -> energy/energy_2_3
Running shots=100 -> energy/energy_2_4
Running shots=100 -> energy/energy_2_5
Running shots=1000 -> energy/energy_3_1
Running shots=1000 -> energy/energy_3_2
Running shots=1000 -> energy/energy_3_3
Running shots=1000 -> energy/energy_3_4
Running shots=1000 -> energy/energy_3_5
Running shots=10 -> energy/energy_1_6
Running shots=10 -> energy/energy_1_7
Running shots=10000 -> energy/energy_4_1
Running shots=10 -> energy/energy_1_8
Running shots=10 -> energy/energy_1_9
Running shots=10 -> energy/energy_1_10
Running shots=10 -> energy/energy_1_11
Running shots=10 -> energy/energy_1_12
Running shots=10000 -> energy/energy_4_2
Running shots=10 -> energy/energy_1_13
Running shots=10 -> energy/energy_1_14
Running shots=10 -> energy/energy_1_15
Running shots=10 -> energy/energy_1_16
Running shots=10 -> energy/energy_1_17
Running shots=10000 -> energy/energy_4_3
Running shots=10 -> energy/energy_1_18
Running shots=10 -> energy/energy_1_19
Running shots=10 -> energy/energy_1_20
Running shots=100 -> energy/energy_2_6
Running shots=100 -> energy/energy_2_7
Running shots=10000 -> energy/energy_4_4
Running shots=100 -> energy/energy_2_8
Running shots=100 -> energy/energy_2_9
Running shots=100 -> energy/energy_2_10
Running shots=100 -> energy/energy_2_11
Running shots=100 -> energy/energy_2_12
Running shots=10000 -> energy/energy_4_5
Running shots=100 -> energy/energy_2_13
Running shots=100 -> energy/energy_2_14
Running shots=100 -> energy/energy_2_15
Running shots=100 -> energy/energy_2_16
Running shots=100 -> energy/energy_2_17
Running shots=100000 -> energy/energy_5_1
Running shots=100 -> energy/energy_2_18
Running shots=100 -> energy/energy_2_19
Running shots=100 -> energy/energy_2_20
Running shots=1000 -> energy/energy_3_6
Running shots=1000 -> energy/energy_3_7
Running shots=100000 -> energy/energy_5_2
Running shots=1000 -> energy/energy_3_8
Running shots=1000 -> energy/energy_3_9
Running shots=1000 -> energy/energy_3_10
Running shots=1000 -> energy/energy_3_11
Running shots=1000 -> energy/energy_3_12
Running shots=100000 -> energy/energy_5_3
Running shots=1000 -> energy/energy_3_13
Running shots=1000 -> energy/energy_3_14
Running shots=1000 -> energy/energy_3_15
Running shots=1000 -> energy/energy_3_16
Running shots=1000 -> energy/energy_3_17
Running shots=100000 -> energy/energy_5_4
Running shots=1000 -> energy/energy_3_18
Running shots=1000 -> energy/energy_3_19
Running shots=1000 -> energy/energy_3_20
Running shots=10000 -> energy/energy_4_6
Running shots=10000 -> energy/energy_4_7
Running shots=100000 -> energy/energy_5_5
Running shots=10000 -> energy/energy_4_8
Running shots=10000 -> energy/energy_4_9
Running shots=10000 -> energy/energy_4_10
Running shots=10000 -> energy/energy_4_11
Running shots=10000 -> energy/energy_4_12
Running shots=1000000 -> energy/energy_6_1
Running shots=10000 -> energy/energy_4_13
Running shots=10000 -> energy/energy_4_14
Running shots=10000 -> energy/energy_4_15
Running shots=10000 -> energy/energy_4_16
Running shots=10000 -> energy/energy_4_17
Running shots=10000 -> energy/energy_4_18
Running shots=1000000 -> energy/energy_6_2
Running shots=10000 -> energy/energy_4_19
Running shots=10000 -> energy/energy_4_20
Running shots=100000 -> energy/energy_5_6
Running shots=100000 -> energy/energy_5_7
Running shots=100000 -> energy/energy_5_8
Running shots=1000000 -> energy/energy_6_3
Running shots=100000 -> energy/energy_5_9
Running shots=100000 -> energy/energy_5_10
Running shots=100000 -> energy/energy_5_11
Running shots=100000 -> energy/energy_5_12
Running shots=100000 -> energy/energy_5_13
Running shots=1000000 -> energy/energy_6_4
Running shots=100000 -> energy/energy_5_14
Running shots=100000 -> energy/energy_5_15
Running shots=100000 -> energy/energy_5_16
Running shots=100000 -> energy/energy_5_17
Running shots=100000 -> energy/energy_5_18
Running shots=1000000 -> energy/energy_6_5
Running shots=100000 -> energy/energy_5_19
Running shots=100000 -> energy/energy_5_20
Running shots=1000000 -> energy/energy_6_6
Running shots=1000000 -> energy/energy_6_7
Running shots=10000000 -> energy/energy_7_1
Running shots=1000000 -> energy/energy_6_8
Running shots=1000000 -> energy/energy_6_9
Running shots=1000000 -> energy/energy_6_10
Running shots=1000000 -> energy/energy_6_11
Running shots=1000000 -> energy/energy_6_12
Running shots=1000000 -> energy/energy_6_13
Running shots=1000000 -> energy/energy_6_14
Running shots=10000000 -> energy/energy_7_2
Running shots=1000000 -> energy/energy_6_15
Running shots=1000000 -> energy/energy_6_16
Running shots=1000000 -> energy/energy_6_17
Running shots=1000000 -> energy/energy_6_18
Running shots=1000000 -> energy/energy_6_19
Running shots=1000000 -> energy/energy_6_20
Running shots=10000000 -> energy/energy_7_3
Running shots=10000000 -> energy/energy_7_6
Running shots=10000000 -> energy/energy_7_7
Running shots=10000000 -> energy/energy_7_8
Running shots=10000000 -> energy/energy_7_9
Running shots=10000000 -> energy/energy_7_10
Running shots=10000000 -> energy/energy_7_4
Running shots=10000000 -> energy/energy_7_11
Running shots=10000000 -> energy/energy_7_12
Running shots=10000000 -> energy/energy_7_13
Running shots=10000000 -> energy/energy_7_14
Running shots=10000000 -> energy/energy_7_15
Running shots=10000000 -> energy/energy_7_5
Running shots=10000000 -> energy/energy_7_16
Running shots=10000000 -> energy/energy_7_17
Running shots=10000000 -> energy/energy_7_18
Running shots=10000000 -> energy/energy_7_19
Running shots=10000000 -> energy/energy_7_20
ALL DONE.
Running shots=10 -> energy/energy_1_1
Running shots=100000000 -> energy/energy_8_6
Running shots=100000000 -> energy/energy_8_7
Running shots=100000000 -> energy/energy_8_8
Running shots=10 -> energy/energy_1_2
Running shots=100000000 -> energy/energy_8_9
Running shots=100000000 -> energy/energy_8_10
Running shots=100000000 -> energy/energy_8_11
Running shots=10 -> energy/energy_1_3
Running shots=100000000 -> energy/energy_8_12
Running shots=100000000 -> energy/energy_8_13
Running shots=100000000 -> energy/energy_8_14
Running shots=10 -> energy/energy_1_4
Running shots=100000000 -> energy/energy_8_15
Running shots=100000000 -> energy/energy_8_16
Running shots=100000000 -> energy/energy_8_17
Running shots=10 -> energy/energy_1_5
Running shots=100000000 -> energy/energy_8_18
Running shots=100000000 -> energy/energy_8_19
Running shots=100000000 -> energy/energy_8_20
Running shots=100 -> energy/energy_2_1
ALL DONE.
Running shots=10 -> energy/energy_1_6
Running shots=10 -> energy/energy_1_7
Running shots=10 -> energy/energy_1_8
Running shots=10 -> energy/energy_1_9
Running shots=10 -> energy/energy_1_10
Running shots=100 -> energy/energy_2_2
Running shots=10 -> energy/energy_1_11
Running shots=10 -> energy/energy_1_12
Running shots=10 -> energy/energy_1_13
Running shots=10 -> energy/energy_1_14
Running shots=10 -> energy/energy_1_15
Running shots=100 -> energy/energy_2_3
Running shots=10 -> energy/energy_1_16
Running shots=10 -> energy/energy_1_17
Running shots=10 -> energy/energy_1_18
Running shots=10 -> energy/energy_1_19
Running shots=10 -> energy/energy_1_20
Running shots=100 -> energy/energy_2_4
Running shots=100 -> energy/energy_2_6
Running shots=100 -> energy/energy_2_7
Running shots=100 -> energy/energy_2_8
Running shots=100 -> energy/energy_2_9
Running shots=100 -> energy/energy_2_10
Running shots=100 -> energy/energy_2_5
Running shots=100 -> energy/energy_2_11
Running shots=100 -> energy/energy_2_12
Running shots=100 -> energy/energy_2_13
Running shots=100 -> energy/energy_2_14
Running shots=100 -> energy/energy_2_15
Running shots=1000 -> energy/energy_3_1
Running shots=100 -> energy/energy_2_16
Running shots=100 -> energy/energy_2_17
Running shots=100 -> energy/energy_2_18
Running shots=100 -> energy/energy_2_19
Running shots=100 -> energy/energy_2_20
Running shots=1000 -> energy/energy_3_2
Running shots=1000 -> energy/energy_3_6
Running shots=1000 -> energy/energy_3_7
Running shots=1000 -> energy/energy_3_8
Running shots=1000 -> energy/energy_3_9
Running shots=1000 -> energy/energy_3_10
Running shots=1000 -> energy/energy_3_3
Running shots=1000 -> energy/energy_3_11
Running shots=1000 -> energy/energy_3_12
Running shots=1000 -> energy/energy_3_13
Running shots=1000 -> energy/energy_3_14
Running shots=1000 -> energy/energy_3_15
Running shots=1000 -> energy/energy_3_4
Running shots=1000 -> energy/energy_3_16
Running shots=1000 -> energy/energy_3_17
Running shots=1000 -> energy/energy_3_18
Running shots=1000 -> energy/energy_3_19
Running shots=1000 -> energy/energy_3_20
Running shots=1000 -> energy/energy_3_5
Running shots=10000 -> energy/energy_4_6
Running shots=10000 -> energy/energy_4_7
Running shots=10000 -> energy/energy_4_8
Running shots=10000 -> energy/energy_4_9
Running shots=10000 -> energy/energy_4_10
Running shots=10000 -> energy/energy_4_1
Running shots=10000 -> energy/energy_4_11
Running shots=10000 -> energy/energy_4_12
Running shots=10000 -> energy/energy_4_13
Running shots=10000 -> energy/energy_4_14
Running shots=10000 -> energy/energy_4_15
Running shots=10000 -> energy/energy_4_2
Running shots=10000 -> energy/energy_4_16
Running shots=10000 -> energy/energy_4_17
Running shots=10000 -> energy/energy_4_18
Running shots=10000 -> energy/energy_4_19
Running shots=10000 -> energy/energy_4_20
Running shots=10000 -> energy/energy_4_3
Running shots=100000 -> energy/energy_5_6
Running shots=100000 -> energy/energy_5_7
Running shots=100000 -> energy/energy_5_8
Running shots=100000 -> energy/energy_5_9
Running shots=100000 -> energy/energy_5_10
Running shots=10000 -> energy/energy_4_4
Running shots=100000 -> energy/energy_5_11
Running shots=100000 -> energy/energy_5_12
Running shots=100000 -> energy/energy_5_13
Running shots=100000 -> energy/energy_5_14
Running shots=100000 -> energy/energy_5_15
Running shots=10000 -> energy/energy_4_5
Running shots=100000 -> energy/energy_5_16
Running shots=100000 -> energy/energy_5_17
Running shots=100000 -> energy/energy_5_18
Running shots=100000 -> energy/energy_5_19
Running shots=100000 -> energy/energy_5_20
Running shots=100000 -> energy/energy_5_1
Running shots=1000000 -> energy/energy_6_6
Running shots=1000000 -> energy/energy_6_7
Running shots=1000000 -> energy/energy_6_8
Running shots=1000000 -> energy/energy_6_9
Running shots=1000000 -> energy/energy_6_10
Running shots=100000 -> energy/energy_5_2
Running shots=1000000 -> energy/energy_6_11
Running shots=1000000 -> energy/energy_6_12
Running shots=1000000 -> energy/energy_6_13
Running shots=1000000 -> energy/energy_6_14
Running shots=1000000 -> energy/energy_6_15
Running shots=100000 -> energy/energy_5_3
Running shots=1000000 -> energy/energy_6_16
Running shots=1000000 -> energy/energy_6_17
Running shots=1000000 -> energy/energy_6_18
Running shots=1000000 -> energy/energy_6_19
Running shots=1000000 -> energy/energy_6_20
Running shots=100000 -> energy/energy_5_4
Running shots=10000000 -> energy/energy_7_6
Running shots=10000000 -> energy/energy_7_7
Running shots=10000000 -> energy/energy_7_8
Running shots=10000000 -> energy/energy_7_9
Running shots=10000000 -> energy/energy_7_10
Running shots=100000 -> energy/energy_5_5
Running shots=10000000 -> energy/energy_7_11
Running shots=10000000 -> energy/energy_7_12
Running shots=10000000 -> energy/energy_7_13
Running shots=10000000 -> energy/energy_7_14
Running shots=10000000 -> energy/energy_7_15
Running shots=1000000 -> energy/energy_6_1
Running shots=10000000 -> energy/energy_7_16
Running shots=10000000 -> energy/energy_7_17
Running shots=10000000 -> energy/energy_7_18
Running shots=10000000 -> energy/energy_7_19
Running shots=10000000 -> energy/energy_7_20
Running shots=1000000 -> energy/energy_6_2
Running shots=100000000 -> energy/energy_8_6
Running shots=100000000 -> energy/energy_8_7
Running shots=100000000 -> energy/energy_8_8
Running shots=100000000 -> energy/energy_8_9
Running shots=1000000 -> energy/energy_6_3
Running shots=100000000 -> energy/energy_8_10
Running shots=100000000 -> energy/energy_8_11
Running shots=100000000 -> energy/energy_8_12
Running shots=1000000 -> energy/energy_6_4
Running shots=100000000 -> energy/energy_8_13
Running shots=100000000 -> energy/energy_8_14
Running shots=100000000 -> energy/energy_8_15
Running shots=1000000 -> energy/energy_6_5
Running shots=100000000 -> energy/energy_8_16
Running shots=100000000 -> energy/energy_8_17
Running shots=100000000 -> energy/energy_8_18
Running shots=10000000 -> energy/energy_7_1
Running shots=100000000 -> energy/energy_8_19
Running shots=100000000 -> energy/energy_8_20
ALL DONE.
Running shots=10 -> energy/energy_1_6
Running shots=10 -> energy/energy_1_7
Running shots=10 -> energy/energy_1_8
Running shots=10 -> energy/energy_1_9
Running shots=10000000 -> energy/energy_7_2
Running shots=10 -> energy/energy_1_10
Running shots=10 -> energy/energy_1_11
Running shots=10 -> energy/energy_1_12
Running shots=10 -> energy/energy_1_13
Running shots=10 -> energy/energy_1_14
Running shots=10 -> energy/energy_1_15
Running shots=10000000 -> energy/energy_7_3
Running shots=10 -> energy/energy_1_16
Running shots=10 -> energy/energy_1_17
Running shots=10 -> energy/energy_1_18
Running shots=10 -> energy/energy_1_19
Running shots=10 -> energy/energy_1_20
Running shots=100 -> energy/energy_2_6
Running shots=100 -> energy/energy_2_7
Running shots=10000000 -> energy/energy_7_4
Running shots=100 -> energy/energy_2_8
Running shots=100 -> energy/energy_2_9
Running shots=100 -> energy/energy_2_10
Running shots=100 -> energy/energy_2_11
Running shots=100 -> energy/energy_2_12
Running shots=100 -> energy/energy_2_13
Running shots=100 -> energy/energy_2_14
Running shots=10000000 -> energy/energy_7_5
Running shots=100 -> energy/energy_2_15
Running shots=100 -> energy/energy_2_16
Running shots=100 -> energy/energy_2_17
Running shots=100 -> energy/energy_2_18
Running shots=100 -> energy/energy_2_19
Running shots=100 -> energy/energy_2_20
ALL DONE.
Running shots=10 -> energy/energy_1_1
Running shots=1000 -> energy/energy_3_6
Running shots=1000 -> energy/energy_3_7
Running shots=1000 -> energy/energy_3_8
Running shots=1000 -> energy/energy_3_9
Running shots=1000 -> energy/energy_3_10
Running shots=10 -> energy/energy_1_2
Running shots=1000 -> energy/energy_3_11
Running shots=1000 -> energy/energy_3_12
Running shots=1000 -> energy/energy_3_13
Running shots=1000 -> energy/energy_3_14
Running shots=1000 -> energy/energy_3_15
Running shots=10 -> energy/energy_1_3
Running shots=1000 -> energy/energy_3_16
Running shots=1000 -> energy/energy_3_17
Running shots=1000 -> energy/energy_3_18
Running shots=1000 -> energy/energy_3_19
Running shots=1000 -> energy/energy_3_20
Running shots=10 -> energy/energy_1_4
Running shots=10000 -> energy/energy_4_6
Running shots=10000 -> energy/energy_4_7
Running shots=10000 -> energy/energy_4_8
Running shots=10000 -> energy/energy_4_9
Running shots=10000 -> energy/energy_4_10
Running shots=10 -> energy/energy_1_5
Running shots=10000 -> energy/energy_4_11
Running shots=10000 -> energy/energy_4_12
Running shots=10000 -> energy/energy_4_13
Running shots=10000 -> energy/energy_4_14
Running shots=10000 -> energy/energy_4_15
Running shots=100 -> energy/energy_2_1
Running shots=10000 -> energy/energy_4_16
Running shots=10000 -> energy/energy_4_17
Running shots=10000 -> energy/energy_4_18
Running shots=10000 -> energy/energy_4_19
Running shots=10000 -> energy/energy_4_20
Running shots=100 -> energy/energy_2_2
Running shots=100000 -> energy/energy_5_6
Running shots=100000 -> energy/energy_5_7
Running shots=100000 -> energy/energy_5_8
Running shots=100000 -> energy/energy_5_9
Running shots=100000 -> energy/energy_5_10
Running shots=100 -> energy/energy_2_3
Running shots=100000 -> energy/energy_5_11
Running shots=100000 -> energy/energy_5_12
Running shots=100000 -> energy/energy_5_13
Running shots=100000 -> energy/energy_5_14
Running shots=100000 -> energy/energy_5_15
Running shots=100 -> energy/energy_2_4
Running shots=100000 -> energy/energy_5_16
Running shots=100000 -> energy/energy_5_17
Running shots=100000 -> energy/energy_5_18
Running shots=100000 -> energy/energy_5_19
Running shots=100000 -> energy/energy_5_20
Running shots=100 -> energy/energy_2_5
Running shots=1000000 -> energy/energy_6_6
Running shots=1000000 -> energy/energy_6_7
Running shots=1000000 -> energy/energy_6_8
Running shots=1000000 -> energy/energy_6_9
Running shots=1000000 -> energy/energy_6_10
Running shots=1000 -> energy/energy_3_1
Running shots=1000000 -> energy/energy_6_11
Running shots=1000000 -> energy/energy_6_12
Running shots=1000000 -> energy/energy_6_13
Running shots=1000000 -> energy/energy_6_14
Running shots=1000000 -> energy/energy_6_15
Running shots=1000 -> energy/energy_3_2
Running shots=1000000 -> energy/energy_6_16
Running shots=1000000 -> energy/energy_6_17
Running shots=1000000 -> energy/energy_6_18
Running shots=1000000 -> energy/energy_6_19
Running shots=1000000 -> energy/energy_6_20
Running shots=1000 -> energy/energy_3_3
Running shots=10000000 -> energy/energy_7_6
Running shots=10000000 -> energy/energy_7_7
Running shots=10000000 -> energy/energy_7_8
Running shots=10000000 -> energy/energy_7_9
Running shots=10000000 -> energy/energy_7_10
Running shots=1000 -> energy/energy_3_4
Running shots=10000000 -> energy/energy_7_11
Running shots=10000000 -> energy/energy_7_12
Running shots=10000000 -> energy/energy_7_13
Running shots=10000000 -> energy/energy_7_14
Running shots=10000000 -> energy/energy_7_15
Running shots=1000 -> energy/energy_3_5
Running shots=10000000 -> energy/energy_7_16
Running shots=10000000 -> energy/energy_7_17
Running shots=10000000 -> energy/energy_7_18
Running shots=10000000 -> energy/energy_7_19
Running shots=10000000 -> energy/energy_7_20
Running shots=10000 -> energy/energy_4_1
Running shots=100000000 -> energy/energy_8_6
Running shots=100000000 -> energy/energy_8_7
Running shots=100000000 -> energy/energy_8_8
Running shots=100000000 -> energy/energy_8_9
Running shots=10000 -> energy/energy_4_2
Running shots=100000000 -> energy/energy_8_10
Running shots=100000000 -> energy/energy_8_11
Running shots=100000000 -> energy/energy_8_12
Running shots=10000 -> energy/energy_4_3
Running shots=100000000 -> energy/energy_8_13
Running shots=100000000 -> energy/energy_8_14
Running shots=100000000 -> energy/energy_8_15
Running shots=10000 -> energy/energy_4_4
Running shots=100000000 -> energy/energy_8_16
Running shots=100000000 -> energy/energy_8_17
Running shots=100000000 -> energy/energy_8_18
Running shots=10000 -> energy/energy_4_5
Running shots=100000000 -> energy/energy_8_19
Running shots=100000000 -> energy/energy_8_20
ALL DONE.
Running shots=10 -> energy/energy_1_6
Running shots=10 -> energy/energy_1_7
Running shots=100000 -> energy/energy_5_1
Running shots=10 -> energy/energy_1_8
Running shots=10 -> energy/energy_1_9
Running shots=10 -> energy/energy_1_10
Running shots=10 -> energy/energy_1_11
Running shots=10 -> energy/energy_1_12
Running shots=100000 -> energy/energy_5_2
Running shots=10 -> energy/energy_1_13
Running shots=10 -> energy/energy_1_14
Running shots=10 -> energy/energy_1_15
Running shots=10 -> energy/energy_1_16
Running shots=10 -> energy/energy_1_17
Running shots=100000 -> energy/energy_5_3
Running shots=10 -> energy/energy_1_18
Running shots=10 -> energy/energy_1_19
Running shots=10 -> energy/energy_1_20
Running shots=100 -> energy/energy_2_6
Running shots=100 -> energy/energy_2_7
Running shots=100000 -> energy/energy_5_4
Running shots=100 -> energy/energy_2_8
Running shots=100 -> energy/energy_2_9
Running shots=100 -> energy/energy_2_10
Running shots=100 -> energy/energy_2_11
Running shots=100 -> energy/energy_2_12
Running shots=100000 -> energy/energy_5_5
Running shots=100 -> energy/energy_2_13
Running shots=100 -> energy/energy_2_14
Running shots=100 -> energy/energy_2_15
Running shots=100 -> energy/energy_2_16
Running shots=100 -> energy/energy_2_17
Running shots=1000000 -> energy/energy_6_1
Running shots=100 -> energy/energy_2_18
Running shots=100 -> energy/energy_2_19
Running shots=100 -> energy/energy_2_20
Running shots=1000 -> energy/energy_3_6
Running shots=1000 -> energy/energy_3_7
Running shots=1000 -> energy/energy_3_8
Running shots=1000000 -> energy/energy_6_2
Running shots=1000 -> energy/energy_3_9
Running shots=1000 -> energy/energy_3_10
Running shots=1000 -> energy/energy_3_11
Running shots=1000 -> energy/energy_3_12
Running shots=1000 -> energy/energy_3_13
Running shots=1000000 -> energy/energy_6_3
Running shots=1000 -> energy/energy_3_14
Running shots=1000 -> energy/energy_3_15
Running shots=1000 -> energy/energy_3_16
Running shots=1000 -> energy/energy_3_17
Running shots=1000 -> energy/energy_3_18
Running shots=1000000 -> energy/energy_6_4
Running shots=1000 -> energy/energy_3_19
Running shots=1000 -> energy/energy_3_20
Running shots=10000 -> energy/energy_4_6
Running shots=10000 -> energy/energy_4_7
Running shots=10000 -> energy/energy_4_8
Running shots=1000000 -> energy/energy_6_5
Running shots=10000 -> energy/energy_4_9
Running shots=10000 -> energy/energy_4_10
Running shots=10000 -> energy/energy_4_11
Running shots=10000 -> energy/energy_4_12
Running shots=10000 -> energy/energy_4_13
Running shots=10000000 -> energy/energy_7_1
Running shots=10000 -> energy/energy_4_14
Running shots=10000 -> energy/energy_4_15
Running shots=10000 -> energy/energy_4_16
Running shots=10000 -> energy/energy_4_17
Running shots=10000 -> energy/energy_4_18
Running shots=10000 -> energy/energy_4_19
Running shots=10000000 -> energy/energy_7_2
Running shots=10000 -> energy/energy_4_20
Running shots=100000 -> energy/energy_5_6
Running shots=100000 -> energy/energy_5_7
Running shots=100000 -> energy/energy_5_8
Running shots=100000 -> energy/energy_5_9
Running shots=100000 -> energy/energy_5_10
Running shots=100000 -> energy/energy_5_11
Running shots=10000000 -> energy/energy_7_3
Running shots=100000 -> energy/energy_5_12
Running shots=100000 -> energy/energy_5_13
Running shots=100000 -> energy/energy_5_14
Running shots=100000 -> energy/energy_5_15
Running shots=100000 -> energy/energy_5_16
Running shots=100000 -> energy/energy_5_17
Running shots=10000000 -> energy/energy_7_4
Running shots=100000 -> energy/energy_5_18
Running shots=100000 -> energy/energy_5_19
Running shots=100000 -> energy/energy_5_20
Running shots=1000000 -> energy/energy_6_6
Running shots=1000000 -> energy/energy_6_7
Running shots=1000000 -> energy/energy_6_8
Running shots=1000000 -> energy/energy_6_9
Running shots=10000000 -> energy/energy_7_5
Running shots=1000000 -> energy/energy_6_10
Running shots=1000000 -> energy/energy_6_11
Running shots=1000000 -> energy/energy_6_12
Running shots=1000000 -> energy/energy_6_13
Running shots=1000000 -> energy/energy_6_14
Running shots=1000000 -> energy/energy_6_15
ALL DONE.
Running shots=10 -> energy/energy_1_1
Running shots=1000000 -> energy/energy_6_16
Running shots=1000000 -> energy/energy_6_17
Running shots=1000000 -> energy/energy_6_18
Running shots=1000000 -> energy/energy_6_19
Running shots=10 -> energy/energy_1_2
Running shots=1000000 -> energy/energy_6_20
Running shots=10000000 -> energy/energy_7_6
Running shots=10000000 -> energy/energy_7_7
Running shots=10000000 -> energy/energy_7_8
Running shots=10000000 -> energy/energy_7_9
Running shots=10 -> energy/energy_1_3
Running shots=10000000 -> energy/energy_7_10
Running shots=10000000 -> energy/energy_7_11
Running shots=10000000 -> energy/energy_7_12
Running shots=10000000 -> energy/energy_7_13
Running shots=10000000 -> energy/energy_7_14
Running shots=10 -> energy/energy_1_4
Running shots=10000000 -> energy/energy_7_15
Running shots=10000000 -> energy/energy_7_16
Running shots=10000000 -> energy/energy_7_17
Running shots=10000000 -> energy/energy_7_18
Running shots=10000000 -> energy/energy_7_19
Running shots=10 -> energy/energy_1_5
Running shots=10000000 -> energy/energy_7_20
Running shots=100000000 -> energy/energy_8_6
Running shots=100000000 -> energy/energy_8_7
Running shots=100000000 -> energy/energy_8_8
Running shots=100 -> energy/energy_2_1
Running shots=100000000 -> energy/energy_8_9
Running shots=100000000 -> energy/energy_8_10
Running shots=100000000 -> energy/energy_8_11
Running shots=100 -> energy/energy_2_2
Running shots=100000000 -> energy/energy_8_12
Running shots=100000000 -> energy/energy_8_13
Running shots=100000000 -> energy/energy_8_14
Running shots=100 -> energy/energy_2_3
Running shots=100000000 -> energy/energy_8_15
Running shots=100000000 -> energy/energy_8_16
Running shots=100000000 -> energy/energy_8_17
Running shots=100 -> energy/energy_2_4
Running shots=100000000 -> energy/energy_8_18
Running shots=100000000 -> energy/energy_8_19
Running shots=100000000 -> energy/energy_8_20
Running shots=100 -> energy/energy_2_5
ALL DONE.
Running shots=10 -> energy/energy_1_6
Running shots=10 -> energy/energy_1_7
Running shots=10 -> energy/energy_1_8
Running shots=10 -> energy/energy_1_9
Running shots=10 -> energy/energy_1_10
Running shots=1000 -> energy/energy_3_1
Running shots=10 -> energy/energy_1_11
Running shots=10 -> energy/energy_1_12
Running shots=10 -> energy/energy_1_13
Running shots=10 -> energy/energy_1_14
Running shots=10 -> energy/energy_1_15
Running shots=1000 -> energy/energy_3_2
Running shots=10 -> energy/energy_1_16
Running shots=10 -> energy/energy_1_17
Running shots=10 -> energy/energy_1_18
Running shots=10 -> energy/energy_1_19
Running shots=10 -> energy/energy_1_20
Running shots=1000 -> energy/energy_3_3
Running shots=100 -> energy/energy_2_6
Running shots=100 -> energy/energy_2_7
Running shots=100 -> energy/energy_2_8
Running shots=100 -> energy/energy_2_9
Running shots=100 -> energy/energy_2_10
Running shots=1000 -> energy/energy_3_4
Running shots=100 -> energy/energy_2_11
Running shots=100 -> energy/energy_2_12
Running shots=100 -> energy/energy_2_13
Running shots=100 -> energy/energy_2_14
Running shots=100 -> energy/energy_2_15
Running shots=1000 -> energy/energy_3_5
Running shots=100 -> energy/energy_2_16
Running shots=100 -> energy/energy_2_17
Running shots=100 -> energy/energy_2_18
Running shots=100 -> energy/energy_2_19
Running shots=100 -> energy/energy_2_20
Running shots=10000 -> energy/energy_4_1
Running shots=1000 -> energy/energy_3_6
Running shots=1000 -> energy/energy_3_7
Running shots=1000 -> energy/energy_3_8
Running shots=1000 -> energy/energy_3_9
Running shots=1000 -> energy/energy_3_10
Running shots=10000 -> energy/energy_4_2
Running shots=1000 -> energy/energy_3_11
Running shots=1000 -> energy/energy_3_12
Running shots=1000 -> energy/energy_3_13
Running shots=1000 -> energy/energy_3_14
Running shots=1000 -> energy/energy_3_15
Running shots=10000 -> energy/energy_4_3
Running shots=1000 -> energy/energy_3_16
Running shots=1000 -> energy/energy_3_17
Running shots=1000 -> energy/energy_3_18
Running shots=1000 -> energy/energy_3_19
Running shots=1000 -> energy/energy_3_20
Running shots=10000 -> energy/energy_4_4
Running shots=10000 -> energy/energy_4_6
Running shots=10000 -> energy/energy_4_7
Running shots=10000 -> energy/energy_4_8
Running shots=10000 -> energy/energy_4_9
Running shots=10000 -> energy/energy_4_10
Running shots=10000 -> energy/energy_4_5
Running shots=10000 -> energy/energy_4_11
Running shots=10000 -> energy/energy_4_12
Running shots=10000 -> energy/energy_4_13
Running shots=10000 -> energy/energy_4_14
Running shots=10000 -> energy/energy_4_15
Running shots=100000 -> energy/energy_5_1
Running shots=10000 -> energy/energy_4_16
Running shots=10000 -> energy/energy_4_17
Running shots=10000 -> energy/energy_4_18
Running shots=10000 -> energy/energy_4_19
Running shots=10000 -> energy/energy_4_20
Running shots=100000 -> energy/energy_5_2
Running shots=100000 -> energy/energy_5_6
Running shots=100000 -> energy/energy_5_7
Running shots=100000 -> energy/energy_5_8
Running shots=100000 -> energy/energy_5_9
Running shots=100000 -> energy/energy_5_10
Running shots=100000 -> energy/energy_5_3
Running shots=100000 -> energy/energy_5_11
Running shots=100000 -> energy/energy_5_12
Running shots=100000 -> energy/energy_5_13
Running shots=100000 -> energy/energy_5_14
Running shots=100000 -> energy/energy_5_15
Running shots=100000 -> energy/energy_5_4
Running shots=100000 -> energy/energy_5_16
Running shots=100000 -> energy/energy_5_17
Running shots=100000 -> energy/energy_5_18
Running shots=100000 -> energy/energy_5_19
Running shots=100000 -> energy/energy_5_20
Running shots=100000 -> energy/energy_5_5
Running shots=1000000 -> energy/energy_6_6
Running shots=1000000 -> energy/energy_6_7
Running shots=1000000 -> energy/energy_6_8
Running shots=1000000 -> energy/energy_6_9
Running shots=1000000 -> energy/energy_6_10
Running shots=1000000 -> energy/energy_6_1
Running shots=1000000 -> energy/energy_6_11
Running shots=1000000 -> energy/energy_6_12
Running shots=1000000 -> energy/energy_6_13
Running shots=1000000 -> energy/energy_6_14
Running shots=1000000 -> energy/energy_6_15
Running shots=1000000 -> energy/energy_6_2
Running shots=1000000 -> energy/energy_6_16
Running shots=1000000 -> energy/energy_6_17
Running shots=1000000 -> energy/energy_6_18
Running shots=1000000 -> energy/energy_6_19
Running shots=1000000 -> energy/energy_6_20
Running shots=1000000 -> energy/energy_6_3
Running shots=10000000 -> energy/energy_7_6
Running shots=10000000 -> energy/energy_7_7
Running shots=10000000 -> energy/energy_7_8
Running shots=10000000 -> energy/energy_7_9
Running shots=10000000 -> energy/energy_7_10
Running shots=1000000 -> energy/energy_6_4
Running shots=10000000 -> energy/energy_7_11
Running shots=10000000 -> energy/energy_7_12
Running shots=10000000 -> energy/energy_7_13
Running shots=10000000 -> energy/energy_7_14
Running shots=10000000 -> energy/energy_7_15
Running shots=1000000 -> energy/energy_6_5
Running shots=10000000 -> energy/energy_7_16
Running shots=10000000 -> energy/energy_7_17
Running shots=10000000 -> energy/energy_7_18
Running shots=10000000 -> energy/energy_7_19
Running shots=10000000 -> energy/energy_7_20
Running shots=10000000 -> energy/energy_7_1
Running shots=100000000 -> energy/energy_8_6
Running shots=100000000 -> energy/energy_8_7
Running shots=100000000 -> energy/energy_8_8
Running shots=100000000 -> energy/energy_8_9
Running shots=10000000 -> energy/energy_7_2
Running shots=100000000 -> energy/energy_8_10
Running shots=100000000 -> energy/energy_8_11
Running shots=100000000 -> energy/energy_8_12
Running shots=10000000 -> energy/energy_7_3
Running shots=100000000 -> energy/energy_8_13
Running shots=100000000 -> energy/energy_8_14
Running shots=100000000 -> energy/energy_8_15
Running shots=10000000 -> energy/energy_7_4
Running shots=100000000 -> energy/energy_8_16
Running shots=100000000 -> energy/energy_8_17
Running shots=100000000 -> energy/energy_8_18
Running shots=10000000 -> energy/energy_7_5
Running shots=100000000 -> energy/energy_8_19
Running shots=100000000 -> energy/energy_8_20
ALL DONE.
Running shots=10 -> energy/energy_1_6
Running shots=10 -> energy/energy_1_7
Running shots=10 -> energy/energy_1_8
Running shots=10 -> energy/energy_1_9
Running shots=10 -> energy/energy_1_10
ALL DONE.
Running shots=10 -> energy/energy_1_11
Running shots=10 -> energy/energy_1_12
Running shots=10 -> energy/energy_1_13
Running shots=10 -> energy/energy_1_14
Running shots=10 -> energy/energy_1_15
Running shots=10 -> energy/energy_1_16
Running shots=10 -> energy/energy_1_17
Running shots=10 -> energy/energy_1_18
Running shots=10 -> energy/energy_1_19
Running shots=10 -> energy/energy_1_20
Running shots=100 -> energy/energy_2_6
Running shots=100 -> energy/energy_2_7
Running shots=100 -> energy/energy_2_8
Running shots=100 -> energy/energy_2_9
Running shots=100 -> energy/energy_2_10
Running shots=100 -> energy/energy_2_11
Running shots=100 -> energy/energy_2_12
Running shots=100 -> energy/energy_2_13
Running shots=100 -> energy/energy_2_14
Running shots=100 -> energy/energy_2_15
Running shots=100 -> energy/energy_2_16
Running shots=100 -> energy/energy_2_17
Running shots=100 -> energy/energy_2_18
Running shots=100 -> energy/energy_2_19
Running shots=100 -> energy/energy_2_20
Running shots=1000 -> energy/energy_3_6
Running shots=1000 -> energy/energy_3_7
Running shots=1000 -> energy/energy_3_8
Running shots=1000 -> energy/energy_3_9
Running shots=1000 -> energy/energy_3_10
Running shots=1000 -> energy/energy_3_11
Running shots=1000 -> energy/energy_3_12
Running shots=1000 -> energy/energy_3_13
Running shots=1000 -> energy/energy_3_14
Running shots=1000 -> energy/energy_3_15
Running shots=1000 -> energy/energy_3_16
Running shots=1000 -> energy/energy_3_17
Running shots=1000 -> energy/energy_3_18
Running shots=1000 -> energy/energy_3_19
Running shots=1000 -> energy/energy_3_20
Running shots=10000 -> energy/energy_4_6
Running shots=10000 -> energy/energy_4_7
Running shots=10000 -> energy/energy_4_8
Running shots=10000 -> energy/energy_4_9
Running shots=10000 -> energy/energy_4_10
Running shots=10000 -> energy/energy_4_11
Running shots=10000 -> energy/energy_4_12
Running shots=10000 -> energy/energy_4_13
Running shots=10000 -> energy/energy_4_14
Running shots=10000 -> energy/energy_4_15
Running shots=10000 -> energy/energy_4_16
Running shots=10000 -> energy/energy_4_17
Running shots=10000 -> energy/energy_4_18
Running shots=10000 -> energy/energy_4_19
Running shots=10000 -> energy/energy_4_20
Running shots=100000 -> energy/energy_5_6
Running shots=100000 -> energy/energy_5_7
Running shots=100000 -> energy/energy_5_8
Running shots=100000 -> energy/energy_5_9
Running shots=100000 -> energy/energy_5_10
Running shots=100000 -> energy/energy_5_11
Running shots=100000 -> energy/energy_5_12
Running shots=100000 -> energy/energy_5_13
Running shots=100000 -> energy/energy_5_14
Running shots=100000 -> energy/energy_5_15
Running shots=100000 -> energy/energy_5_16
Running shots=100000 -> energy/energy_5_17
Running shots=100000 -> energy/energy_5_18
Running shots=100000 -> energy/energy_5_19
Running shots=100000 -> energy/energy_5_20
Running shots=1000000 -> energy/energy_6_6
Running shots=1000000 -> energy/energy_6_7
Running shots=1000000 -> energy/energy_6_8
Running shots=1000000 -> energy/energy_6_9
Running shots=1000000 -> energy/energy_6_10
Running shots=1000000 -> energy/energy_6_11
Running shots=1000000 -> energy/energy_6_12
Running shots=1000000 -> energy/energy_6_13
Running shots=1000000 -> energy/energy_6_14
Running shots=1000000 -> energy/energy_6_15
Running shots=1000000 -> energy/energy_6_16
Running shots=1000000 -> energy/energy_6_17
Running shots=1000000 -> energy/energy_6_18
Running shots=1000000 -> energy/energy_6_19
Running shots=1000000 -> energy/energy_6_20
Running shots=10000000 -> energy/energy_7_6
Running shots=10000000 -> energy/energy_7_7
Running shots=10000000 -> energy/energy_7_8
Running shots=10000000 -> energy/energy_7_9
Running shots=10000000 -> energy/energy_7_10
Running shots=10000000 -> energy/energy_7_11
Running shots=10000000 -> energy/energy_7_12
Running shots=10000000 -> energy/energy_7_13
Running shots=10000000 -> energy/energy_7_14
Running shots=10000000 -> energy/energy_7_15
Running shots=10000000 -> energy/energy_7_16
Running shots=10000000 -> energy/energy_7_17
Running shots=10000000 -> energy/energy_7_18
Running shots=10000000 -> energy/energy_7_19
Running shots=10000000 -> energy/energy_7_20
Running shots=100000000 -> energy/energy_8_6
Running shots=10 -> energy/energy_1_6
Running shots=10 -> energy/energy_1_7
Running shots=10 -> energy/energy_1_8
Running shots=10 -> energy/energy_1_9
Running shots=10 -> energy/energy_1_10
Running shots=10 -> energy/energy_1_11
Running shots=10 -> energy/energy_1_12
Running shots=10 -> energy/energy_1_13
Running shots=10 -> energy/energy_1_14
Running shots=10 -> energy/energy_1_15
Running shots=10 -> energy/energy_1_16
Running shots=10 -> energy/energy_1_17
Running shots=10 -> energy/energy_1_18
Running shots=10 -> energy/energy_1_19
Running shots=10 -> energy/energy_1_20
Running shots=100 -> energy/energy_2_6
Running shots=100 -> energy/energy_2_7
Running shots=100 -> energy/energy_2_8
Running shots=100 -> energy/energy_2_9
Running shots=100 -> energy/energy_2_10
Running shots=100 -> energy/energy_2_11
Running shots=100 -> energy/energy_2_12
Running shots=100 -> energy/energy_2_13
Running shots=100 -> energy/energy_2_14
Running shots=100 -> energy/energy_2_15
Running shots=100 -> energy/energy_2_16
Running shots=100 -> energy/energy_2_17
Running shots=100 -> energy/energy_2_18
Running shots=100 -> energy/energy_2_19
Running shots=100 -> energy/energy_2_20
Running shots=1000 -> energy/energy_3_6
Running shots=1000 -> energy/energy_3_7
Running shots=1000 -> energy/energy_3_8
Running shots=1000 -> energy/energy_3_9
Running shots=1000 -> energy/energy_3_10
Running shots=1000 -> energy/energy_3_11
Running shots=1000 -> energy/energy_3_12
Running shots=1000 -> energy/energy_3_13
Running shots=1000 -> energy/energy_3_14
Running shots=1000 -> energy/energy_3_15
Running shots=1000 -> energy/energy_3_16
Running shots=1000 -> energy/energy_3_17
Running shots=1000 -> energy/energy_3_18
Running shots=1000 -> energy/energy_3_19
Running shots=1000 -> energy/energy_3_20
Running shots=10000 -> energy/energy_4_6
Running shots=10000 -> energy/energy_4_7
Running shots=10000 -> energy/energy_4_8
Running shots=10000 -> energy/energy_4_9
Running shots=10000 -> energy/energy_4_10
Running shots=10000 -> energy/energy_4_11
Running shots=10000 -> energy/energy_4_12
Running shots=10000 -> energy/energy_4_13
Running shots=10000 -> energy/energy_4_14
Running shots=10000 -> energy/energy_4_15
Running shots=10000 -> energy/energy_4_16
Running shots=10000 -> energy/energy_4_17
Running shots=10000 -> energy/energy_4_18
Running shots=10000 -> energy/energy_4_19
Running shots=10000 -> energy/energy_4_20
Running shots=100000 -> energy/energy_5_6
Running shots=100000 -> energy/energy_5_7
Running shots=100000 -> energy/energy_5_8
Running shots=100000 -> energy/energy_5_9
Running shots=100000 -> energy/energy_5_10
Running shots=100000 -> energy/energy_5_11
Running shots=100000 -> energy/energy_5_12
Running shots=100000 -> energy/energy_5_13
Running shots=100000 -> energy/energy_5_14
Running shots=100000 -> energy/energy_5_15
Running shots=100000 -> energy/energy_5_16
Running shots=100000 -> energy/energy_5_17
Running shots=100000 -> energy/energy_5_18
Running shots=100000 -> energy/energy_5_19
Running shots=100000 -> energy/energy_5_20
Running shots=1000000 -> energy/energy_6_6
Running shots=1000000 -> energy/energy_6_7
Running shots=1000000 -> energy/energy_6_8
Running shots=1000000 -> energy/energy_6_9
Running shots=1000000 -> energy/energy_6_10
Running shots=1000000 -> energy/energy_6_11
Running shots=1000000 -> energy/energy_6_12
Running shots=1000000 -> energy/energy_6_13
Running shots=1000000 -> energy/energy_6_14
Running shots=1000000 -> energy/energy_6_15
Running shots=1000000 -> energy/energy_6_16
Running shots=1000000 -> energy/energy_6_17
Running shots=1000000 -> energy/energy_6_18
Running shots=1000000 -> energy/energy_6_19
Running shots=1000000 -> energy/energy_6_20
Running shots=10000000 -> energy/energy_7_6
Running shots=10000000 -> energy/energy_7_7
Running shots=10000000 -> energy/energy_7_8
Running shots=10000000 -> energy/energy_7_9
Running shots=10000000 -> energy/energy_7_10
Running shots=10000000 -> energy/energy_7_11
Running shots=10000000 -> energy/energy_7_12
Running shots=10000000 -> energy/energy_7_13
Running shots=10000000 -> energy/energy_7_14
Running shots=10000000 -> energy/energy_7_15
Running shots=10000000 -> energy/energy_7_16
Running shots=10000000 -> energy/energy_7_17
Running shots=10000000 -> energy/energy_7_18
Running shots=10000000 -> energy/energy_7_19
Running shots=10000000 -> energy/energy_7_20
Running shots=100000000 -> energy/energy_8_6
Running shots=10 -> energy/energy_1_6
Running shots=10 -> energy/energy_1_7
Running shots=10 -> energy/energy_1_8
Running shots=10 -> energy/energy_1_9
Running shots=10 -> energy/energy_1_10
Running shots=10 -> energy/energy_1_11
Running shots=10 -> energy/energy_1_12
Running shots=10 -> energy/energy_1_13
Running shots=10 -> energy/energy_1_14
Running shots=10 -> energy/energy_1_15
Running shots=10 -> energy/energy_1_16
Running shots=10 -> energy/energy_1_17
Running shots=10 -> energy/energy_1_18
Running shots=10 -> energy/energy_1_19
Running shots=10 -> energy/energy_1_20
Running shots=100 -> energy/energy_2_6
Running shots=100 -> energy/energy_2_7
Running shots=100 -> energy/energy_2_8
Running shots=100 -> energy/energy_2_9
Running shots=100 -> energy/energy_2_10
Running shots=100 -> energy/energy_2_11
Running shots=100 -> energy/energy_2_12
Running shots=100 -> energy/energy_2_13
Running shots=100 -> energy/energy_2_14
Running shots=100 -> energy/energy_2_15
Running shots=100 -> energy/energy_2_16
Running shots=100 -> energy/energy_2_17
Running shots=100 -> energy/energy_2_18
Running shots=100 -> energy/energy_2_19
Running shots=100 -> energy/energy_2_20
Running shots=1000 -> energy/energy_3_6
Running shots=1000 -> energy/energy_3_7
Running shots=1000 -> energy/energy_3_8
Running shots=1000 -> energy/energy_3_9
Running shots=1000 -> energy/energy_3_10
Running shots=1000 -> energy/energy_3_11
Running shots=1000 -> energy/energy_3_12
Running shots=1000 -> energy/energy_3_13
Running shots=1000 -> energy/energy_3_14
Running shots=1000 -> energy/energy_3_15
Running shots=1000 -> energy/energy_3_16
Running shots=1000 -> energy/energy_3_17
Running shots=1000 -> energy/energy_3_18
Running shots=1000 -> energy/energy_3_19
Running shots=1000 -> energy/energy_3_20
Running shots=10000 -> energy/energy_4_6
Running shots=10000 -> energy/energy_4_7
Running shots=10000 -> energy/energy_4_8
Running shots=10000 -> energy/energy_4_9
Running shots=10000 -> energy/energy_4_10
Running shots=10000 -> energy/energy_4_11
Running shots=10000 -> energy/energy_4_12
Running shots=10000 -> energy/energy_4_13
Running shots=10000 -> energy/energy_4_14
Running shots=10000 -> energy/energy_4_15
Running shots=10000 -> energy/energy_4_16
Running shots=10000 -> energy/energy_4_17
Running shots=10000 -> energy/energy_4_18
Running shots=10000 -> energy/energy_4_19
Running shots=10000 -> energy/energy_4_20
Running shots=100000 -> energy/energy_5_6
Running shots=100000 -> energy/energy_5_7
Running shots=100000 -> energy/energy_5_8
Running shots=100000 -> energy/energy_5_9
Running shots=100000 -> energy/energy_5_10
Running shots=100000 -> energy/energy_5_11
Running shots=100000 -> energy/energy_5_12
Running shots=100000 -> energy/energy_5_13
Running shots=100000 -> energy/energy_5_14
Running shots=100000 -> energy/energy_5_15
Running shots=100000 -> energy/energy_5_16
Running shots=100000 -> energy/energy_5_17
Running shots=100000 -> energy/energy_5_18
Running shots=100000 -> energy/energy_5_19
Running shots=100000 -> energy/energy_5_20
Running shots=1000000 -> energy/energy_6_6
Running shots=1000000 -> energy/energy_6_7
Running shots=1000000 -> energy/energy_6_8
Running shots=1000000 -> energy/energy_6_9
Running shots=1000000 -> energy/energy_6_10
Running shots=1000000 -> energy/energy_6_11
Running shots=1000000 -> energy/energy_6_12
Running shots=1000000 -> energy/energy_6_13
Running shots=1000000 -> energy/energy_6_14
Running shots=1000000 -> energy/energy_6_15
Running shots=1000000 -> energy/energy_6_16
Running shots=1000000 -> energy/energy_6_17
Running shots=1000000 -> energy/energy_6_18
Running shots=1000000 -> energy/energy_6_19
Running shots=1000000 -> energy/energy_6_20
Running shots=10000000 -> energy/energy_7_6
Running shots=10000000 -> energy/energy_7_7
Running shots=10000000 -> energy/energy_7_8
Running shots=10000000 -> energy/energy_7_9
Running shots=10000000 -> energy/energy_7_10
Running shots=10000000 -> energy/energy_7_11
Running shots=10000000 -> energy/energy_7_12
Running shots=10000000 -> energy/energy_7_13
Running shots=10000000 -> energy/energy_7_14
Running shots=10000000 -> energy/energy_7_15
Running shots=10000000 -> energy/energy_7_16
Running shots=10000000 -> energy/energy_7_17
Running shots=10000000 -> energy/energy_7_18
Running shots=10000000 -> energy/energy_7_19
Running shots=10000000 -> energy/energy_7_20
Running shots=100000000 -> energy/energy_8_6
Running shots=10 -> energy/energy_1_6
Running shots=10 -> energy/energy_1_7
Running shots=10 -> energy/energy_1_8
Running shots=10 -> energy/energy_1_9
Running shots=10 -> energy/energy_1_10
Running shots=10 -> energy/energy_1_11
Running shots=10 -> energy/energy_1_12
Running shots=10 -> energy/energy_1_13
Running shots=10 -> energy/energy_1_14
Running shots=10 -> energy/energy_1_15
Running shots=10 -> energy/energy_1_16
Running shots=10 -> energy/energy_1_17
Running shots=10 -> energy/energy_1_18
Running shots=10 -> energy/energy_1_19
Running shots=10 -> energy/energy_1_20
Running shots=100 -> energy/energy_2_6
Running shots=100 -> energy/energy_2_7
Running shots=100 -> energy/energy_2_8
Running shots=100 -> energy/energy_2_9
Running shots=100 -> energy/energy_2_10
Running shots=100 -> energy/energy_2_11
Running shots=100 -> energy/energy_2_12
Running shots=100 -> energy/energy_2_13
Running shots=100 -> energy/energy_2_14
Running shots=100 -> energy/energy_2_15
Running shots=100 -> energy/energy_2_16
Running shots=100 -> energy/energy_2_17
Running shots=100 -> energy/energy_2_18
Running shots=100 -> energy/energy_2_19
Running shots=100 -> energy/energy_2_20
Running shots=1000 -> energy/energy_3_6
Running shots=1000 -> energy/energy_3_7
Running shots=1000 -> energy/energy_3_8
Running shots=1000 -> energy/energy_3_9
Running shots=1000 -> energy/energy_3_10
Running shots=1000 -> energy/energy_3_11
Running shots=1000 -> energy/energy_3_12
Running shots=1000 -> energy/energy_3_13
Running shots=1000 -> energy/energy_3_14
Running shots=1000 -> energy/energy_3_15
Running shots=1000 -> energy/energy_3_16
Running shots=1000 -> energy/energy_3_17
Running shots=1000 -> energy/energy_3_18
Running shots=1000 -> energy/energy_3_19
Running shots=1000 -> energy/energy_3_20
Running shots=10000 -> energy/energy_4_6
Running shots=10000 -> energy/energy_4_7
Running shots=10000 -> energy/energy_4_8
Running shots=10000 -> energy/energy_4_9
Running shots=10000 -> energy/energy_4_10
Running shots=10000 -> energy/energy_4_11
Running shots=10000 -> energy/energy_4_12
Running shots=10000 -> energy/energy_4_13
Running shots=10000 -> energy/energy_4_14
Running shots=10000 -> energy/energy_4_15
Running shots=10000 -> energy/energy_4_16
Running shots=10000 -> energy/energy_4_17
Running shots=10000 -> energy/energy_4_18
Running shots=10000 -> energy/energy_4_19
Running shots=10000 -> energy/energy_4_20
Running shots=100000 -> energy/energy_5_6
Running shots=100000 -> energy/energy_5_7
Running shots=100000 -> energy/energy_5_8
Running shots=100000 -> energy/energy_5_9
Running shots=100000 -> energy/energy_5_10
Running shots=100000 -> energy/energy_5_11
Running shots=100000 -> energy/energy_5_12
Running shots=100000 -> energy/energy_5_13
Running shots=100000 -> energy/energy_5_14
Running shots=100000 -> energy/energy_5_15
Running shots=100000 -> energy/energy_5_16
Running shots=100000 -> energy/energy_5_17
Running shots=100000 -> energy/energy_5_18
Running shots=100000 -> energy/energy_5_19
Running shots=100000 -> energy/energy_5_20
Running shots=1000000 -> energy/energy_6_6
Running shots=1000000 -> energy/energy_6_7
Running shots=1000000 -> energy/energy_6_8
Running shots=1000000 -> energy/energy_6_9
Running shots=1000000 -> energy/energy_6_10
Running shots=1000000 -> energy/energy_6_11
Running shots=1000000 -> energy/energy_6_12
Running shots=1000000 -> energy/energy_6_13
Running shots=1000000 -> energy/energy_6_14
Running shots=1000000 -> energy/energy_6_15
Running shots=1000000 -> energy/energy_6_16
Running shots=1000000 -> energy/energy_6_17
Running shots=1000000 -> energy/energy_6_18
Running shots=1000000 -> energy/energy_6_19
Running shots=1000000 -> energy/energy_6_20
Running shots=10000000 -> energy/energy_7_6
Running shots=10000000 -> energy/energy_7_7
Running shots=10000000 -> energy/energy_7_8
Running shots=10000000 -> energy/energy_7_9
Running shots=10000000 -> energy/energy_7_10
Running shots=10000000 -> energy/energy_7_11
Running shots=10000000 -> energy/energy_7_12
Running shots=10000000 -> energy/energy_7_13
Running shots=10000000 -> energy/energy_7_14
Running shots=10000000 -> energy/energy_7_15
Running shots=10000000 -> energy/energy_7_16
Running shots=10000000 -> energy/energy_7_17
Running shots=10000000 -> energy/energy_7_18
Running shots=10000000 -> energy/energy_7_19
Running shots=10000000 -> energy/energy_7_20
Running shots=100000000 -> energy/energy_8_6
Running shots=10 -> energy/energy_1_6
Running shots=10 -> energy/energy_1_7
Running shots=10 -> energy/energy_1_8
Running shots=10 -> energy/energy_1_9
Running shots=10 -> energy/energy_1_10
Running shots=10 -> energy/energy_1_11
Running shots=10 -> energy/energy_1_12
Running shots=10 -> energy/energy_1_13
Running shots=10 -> energy/energy_1_14
Running shots=10 -> energy/energy_1_15
Running shots=10 -> energy/energy_1_16
Running shots=10 -> energy/energy_1_17
Running shots=10 -> energy/energy_1_18
Running shots=10 -> energy/energy_1_19
Running shots=10 -> energy/energy_1_20
Running shots=100 -> energy/energy_2_6
Running shots=100 -> energy/energy_2_7
Running shots=100 -> energy/energy_2_8
Running shots=100 -> energy/energy_2_9
Running shots=100 -> energy/energy_2_10
Running shots=100 -> energy/energy_2_11
Running shots=100 -> energy/energy_2_12
Running shots=100 -> energy/energy_2_13
Running shots=100 -> energy/energy_2_14
Running shots=100 -> energy/energy_2_15
Running shots=100 -> energy/energy_2_16
Running shots=100 -> energy/energy_2_17
Running shots=100 -> energy/energy_2_18
Running shots=100 -> energy/energy_2_19
Running shots=100 -> energy/energy_2_20
Running shots=1000 -> energy/energy_3_6
Running shots=1000 -> energy/energy_3_7
Running shots=1000 -> energy/energy_3_8
Running shots=1000 -> energy/energy_3_9
Running shots=1000 -> energy/energy_3_10
Running shots=1000 -> energy/energy_3_11
Running shots=1000 -> energy/energy_3_12
Running shots=1000 -> energy/energy_3_13
Running shots=1000 -> energy/energy_3_14
Running shots=1000 -> energy/energy_3_15
Running shots=1000 -> energy/energy_3_16
Running shots=1000 -> energy/energy_3_17
Running shots=1000 -> energy/energy_3_18
Running shots=1000 -> energy/energy_3_19
Running shots=1000 -> energy/energy_3_20
Running shots=10000 -> energy/energy_4_6
Running shots=10000 -> energy/energy_4_7
Running shots=10000 -> energy/energy_4_8
Running shots=10000 -> energy/energy_4_9
Running shots=10000 -> energy/energy_4_10
Running shots=10000 -> energy/energy_4_11
Running shots=10000 -> energy/energy_4_12
Running shots=10000 -> energy/energy_4_13
Running shots=10000 -> energy/energy_4_14
Running shots=10000 -> energy/energy_4_15
Running shots=10000 -> energy/energy_4_16
Running shots=10000 -> energy/energy_4_17
Running shots=10000 -> energy/energy_4_18
Running shots=10000 -> energy/energy_4_19
Running shots=10000 -> energy/energy_4_20
Running shots=100000 -> energy/energy_5_6
Running shots=100000 -> energy/energy_5_7
Running shots=100000 -> energy/energy_5_8
Running shots=100000 -> energy/energy_5_9
Running shots=100000 -> energy/energy_5_10
Running shots=100000 -> energy/energy_5_11
Running shots=100000 -> energy/energy_5_12
Running shots=100000 -> energy/energy_5_13
Running shots=100000 -> energy/energy_5_14
Running shots=100000 -> energy/energy_5_15
Running shots=100000 -> energy/energy_5_16
Running shots=100000 -> energy/energy_5_17
Running shots=100000 -> energy/energy_5_18
Running shots=100000 -> energy/energy_5_19
Running shots=100000 -> energy/energy_5_20
Running shots=1000000 -> energy/energy_6_6
Running shots=1000000 -> energy/energy_6_7
Running shots=1000000 -> energy/energy_6_8
Running shots=1000000 -> energy/energy_6_9
Running shots=1000000 -> energy/energy_6_10
Running shots=1000000 -> energy/energy_6_11
Running shots=1000000 -> energy/energy_6_12
Running shots=1000000 -> energy/energy_6_13
Running shots=1000000 -> energy/energy_6_14
Running shots=1000000 -> energy/energy_6_15
Running shots=1000000 -> energy/energy_6_16
Running shots=1000000 -> energy/energy_6_17
Running shots=1000000 -> energy/energy_6_18
Running shots=1000000 -> energy/energy_6_19
Running shots=1000000 -> energy/energy_6_20
Running shots=10000000 -> energy/energy_7_6
Running shots=10000000 -> energy/energy_7_7
Running shots=10000000 -> energy/energy_7_8
Running shots=10000000 -> energy/energy_7_9
Running shots=10000000 -> energy/energy_7_10
Running shots=10000000 -> energy/energy_7_11
Running shots=10000000 -> energy/energy_7_12
Running shots=10000000 -> energy/energy_7_13
Running shots=10000000 -> energy/energy_7_14
Running shots=10000000 -> energy/energy_7_15
Running shots=10000000 -> energy/energy_7_16
Running shots=10000000 -> energy/energy_7_17
Running shots=10000000 -> energy/energy_7_18
Running shots=10000000 -> energy/energy_7_19
Running shots=10000000 -> energy/energy_7_20
Running shots=100000000 -> energy/energy_8_6
Running shots=10 -> energy/energy_1_6
Running shots=10 -> energy/energy_1_7
Running shots=10 -> energy/energy_1_8
Running shots=10 -> energy/energy_1_9
Running shots=10 -> energy/energy_1_10
Running shots=10 -> energy/energy_1_11
Running shots=10 -> energy/energy_1_12
Running shots=10 -> energy/energy_1_13
Running shots=10 -> energy/energy_1_14
Running shots=10 -> energy/energy_1_15
Running shots=10 -> energy/energy_1_16
Running shots=10 -> energy/energy_1_17
Running shots=10 -> energy/energy_1_18
Running shots=10 -> energy/energy_1_19
Running shots=10 -> energy/energy_1_20
Running shots=100 -> energy/energy_2_6
Running shots=100 -> energy/energy_2_7
Running shots=100 -> energy/energy_2_8
Running shots=100 -> energy/energy_2_9
Running shots=100 -> energy/energy_2_10
Running shots=100 -> energy/energy_2_11
Running shots=100 -> energy/energy_2_12
Running shots=100 -> energy/energy_2_13
Running shots=100 -> energy/energy_2_14
Running shots=100 -> energy/energy_2_15
Running shots=100 -> energy/energy_2_16
Running shots=100 -> energy/energy_2_17
Running shots=100 -> energy/energy_2_18
Running shots=100 -> energy/energy_2_19
Running shots=100 -> energy/energy_2_20
Running shots=1000 -> energy/energy_3_6
Running shots=1000 -> energy/energy_3_7
Running shots=1000 -> energy/energy_3_8
Running shots=1000 -> energy/energy_3_9
Running shots=1000 -> energy/energy_3_10
Running shots=1000 -> energy/energy_3_11
Running shots=1000 -> energy/energy_3_12
Running shots=1000 -> energy/energy_3_13
Running shots=1000 -> energy/energy_3_14
Running shots=1000 -> energy/energy_3_15
Running shots=1000 -> energy/energy_3_16
Running shots=1000 -> energy/energy_3_17
Running shots=1000 -> energy/energy_3_18
Running shots=1000 -> energy/energy_3_19
Running shots=1000 -> energy/energy_3_20
Running shots=10000 -> energy/energy_4_6
Running shots=10000 -> energy/energy_4_7
Running shots=10000 -> energy/energy_4_8
Running shots=10000 -> energy/energy_4_9
Running shots=10000 -> energy/energy_4_10
Running shots=10000 -> energy/energy_4_11
Running shots=10000 -> energy/energy_4_12
Running shots=10000 -> energy/energy_4_13
Running shots=10000 -> energy/energy_4_14
Running shots=10000 -> energy/energy_4_15
Running shots=10000 -> energy/energy_4_16
Running shots=10000 -> energy/energy_4_17
Running shots=10000 -> energy/energy_4_18
Running shots=10000 -> energy/energy_4_19
Running shots=10000 -> energy/energy_4_20
Running shots=100000 -> energy/energy_5_6
Running shots=100000 -> energy/energy_5_7
Running shots=100000 -> energy/energy_5_8
Running shots=100000 -> energy/energy_5_9
Running shots=100000 -> energy/energy_5_10
Running shots=100000 -> energy/energy_5_11
Running shots=100000 -> energy/energy_5_12
Running shots=100000 -> energy/energy_5_13
Running shots=100000 -> energy/energy_5_14
Running shots=100000 -> energy/energy_5_15
Running shots=100000 -> energy/energy_5_16
Running shots=100000 -> energy/energy_5_17
Running shots=100000 -> energy/energy_5_18
Running shots=100000 -> energy/energy_5_19
Running shots=100000 -> energy/energy_5_20
Running shots=1000000 -> energy/energy_6_6
Running shots=1000000 -> energy/energy_6_7
Running shots=1000000 -> energy/energy_6_8
Running shots=1000000 -> energy/energy_6_9
Running shots=1000000 -> energy/energy_6_10
Running shots=1000000 -> energy/energy_6_11
Running shots=1000000 -> energy/energy_6_12
Running shots=1000000 -> energy/energy_6_13
Running shots=1000000 -> energy/energy_6_14
Running shots=1000000 -> energy/energy_6_15
Running shots=1000000 -> energy/energy_6_16
Running shots=1000000 -> energy/energy_6_17
Running shots=1000000 -> energy/energy_6_18
Running shots=1000000 -> energy/energy_6_19
Running shots=1000000 -> energy/energy_6_20
Running shots=10000000 -> energy/energy_7_6
Running shots=10000000 -> energy/energy_7_7
Running shots=10000000 -> energy/energy_7_8
Running shots=10000000 -> energy/energy_7_9
Running shots=10000000 -> energy/energy_7_10
Running shots=10000000 -> energy/energy_7_11
Running shots=10000000 -> energy/energy_7_12
Running shots=10000000 -> energy/energy_7_13
Running shots=10000000 -> energy/energy_7_14
Running shots=10000000 -> energy/energy_7_15
Running shots=10000000 -> energy/energy_7_16
Running shots=10000000 -> energy/energy_7_17
Running shots=10000000 -> energy/energy_7_18
Running shots=10000000 -> energy/energy_7_19
Running shots=10000000 -> energy/energy_7_20
ALL DONE.
Running shots=10 -> energy/energy_1_6
Running shots=10 -> energy/energy_1_7
Running shots=10 -> energy/energy_1_8
Running shots=10 -> energy/energy_1_9
Running shots=10 -> energy/energy_1_10
Running shots=10 -> energy/energy_1_11
Running shots=10 -> energy/energy_1_12
Running shots=10 -> energy/energy_1_13
Running shots=10 -> energy/energy_1_14
Running shots=10 -> energy/energy_1_15
Running shots=10 -> energy/energy_1_16
Running shots=10 -> energy/energy_1_17
Running shots=10 -> energy/energy_1_18
Running shots=10 -> energy/energy_1_19
Running shots=10 -> energy/energy_1_20
Running shots=100 -> energy/energy_2_6
Running shots=100 -> energy/energy_2_7
Running shots=100 -> energy/energy_2_8
Running shots=100 -> energy/energy_2_9
Running shots=100 -> energy/energy_2_10
Running shots=100 -> energy/energy_2_11
Running shots=100 -> energy/energy_2_12
Running shots=100 -> energy/energy_2_13
Running shots=100 -> energy/energy_2_14
Running shots=100 -> energy/energy_2_15
Running shots=100 -> energy/energy_2_16
Running shots=100 -> energy/energy_2_17
Running shots=100 -> energy/energy_2_18
Running shots=100 -> energy/energy_2_19
Running shots=100 -> energy/energy_2_20
Running shots=1000 -> energy/energy_3_6
Running shots=1000 -> energy/energy_3_7
Running shots=1000 -> energy/energy_3_8
Running shots=1000 -> energy/energy_3_9
Running shots=1000 -> energy/energy_3_10
Running shots=1000 -> energy/energy_3_11
Running shots=1000 -> energy/energy_3_12
Running shots=1000 -> energy/energy_3_13
Running shots=1000 -> energy/energy_3_14
Running shots=1000 -> energy/energy_3_15
Running shots=1000 -> energy/energy_3_16
Running shots=1000 -> energy/energy_3_17
Running shots=1000 -> energy/energy_3_18
Running shots=1000 -> energy/energy_3_19
Running shots=1000 -> energy/energy_3_20
Running shots=10000 -> energy/energy_4_6
Running shots=10000 -> energy/energy_4_7
Running shots=10000 -> energy/energy_4_8
Running shots=10000 -> energy/energy_4_9
Running shots=10000 -> energy/energy_4_10
Running shots=10000 -> energy/energy_4_11
Running shots=10000 -> energy/energy_4_12
Running shots=10000 -> energy/energy_4_13
Running shots=10000 -> energy/energy_4_14
Running shots=10000 -> energy/energy_4_15
Running shots=10000 -> energy/energy_4_16
Running shots=10000 -> energy/energy_4_17
Running shots=10000 -> energy/energy_4_18
Running shots=10000 -> energy/energy_4_19
Running shots=10000 -> energy/energy_4_20
Running shots=100000 -> energy/energy_5_6
Running shots=100000 -> energy/energy_5_7
Running shots=100000 -> energy/energy_5_8
Running shots=100000 -> energy/energy_5_9
Running shots=100000 -> energy/energy_5_10
Running shots=100000 -> energy/energy_5_11
Running shots=100000 -> energy/energy_5_12
Running shots=100000 -> energy/energy_5_13
Running shots=100000 -> energy/energy_5_14
Running shots=100000 -> energy/energy_5_15
Running shots=100000 -> energy/energy_5_16
Running shots=100000 -> energy/energy_5_17
Running shots=100000 -> energy/energy_5_18
Running shots=100000 -> energy/energy_5_19
Running shots=100000 -> energy/energy_5_20
Running shots=1000000 -> energy/energy_6_6
Running shots=1000000 -> energy/energy_6_7
Running shots=1000000 -> energy/energy_6_8
Running shots=1000000 -> energy/energy_6_9
Running shots=1000000 -> energy/energy_6_10
Running shots=1000000 -> energy/energy_6_11
Running shots=1000000 -> energy/energy_6_12
Running shots=1000000 -> energy/energy_6_13
Running shots=1000000 -> energy/energy_6_14
Running shots=1000000 -> energy/energy_6_15
Running shots=1000000 -> energy/energy_6_16
Running shots=1000000 -> energy/energy_6_17
Running shots=1000000 -> energy/energy_6_18
Running shots=1000000 -> energy/energy_6_19
Running shots=1000000 -> energy/energy_6_20
Running shots=10000000 -> energy/energy_7_6
Running shots=10000000 -> energy/energy_7_7
Running shots=10000000 -> energy/energy_7_8
Running shots=10000000 -> energy/energy_7_9
Running shots=10000000 -> energy/energy_7_10
Running shots=10000000 -> energy/energy_7_11
Running shots=10000000 -> energy/energy_7_12
Running shots=10000000 -> energy/energy_7_13
Running shots=10000000 -> energy/energy_7_14
Running shots=10000000 -> energy/energy_7_15
Running shots=10000000 -> energy/energy_7_16
Running shots=10000000 -> energy/energy_7_17
Running shots=10000000 -> energy/energy_7_18
Running shots=10000000 -> energy/energy_7_19
Running shots=10000000 -> energy/energy_7_20
ALL DONE.
Running shots=10 -> energy/energy_1_6
Running shots=10 -> energy/energy_1_7
Running shots=10 -> energy/energy_1_8
Running shots=10 -> energy/energy_1_9
Running shots=10 -> energy/energy_1_10
Running shots=10 -> energy/energy_1_11
Running shots=10 -> energy/energy_1_12
Running shots=10 -> energy/energy_1_13
Running shots=10 -> energy/energy_1_14
Running shots=10 -> energy/energy_1_15
Running shots=10 -> energy/energy_1_16
Running shots=10 -> energy/energy_1_17
Running shots=10 -> energy/energy_1_18
Running shots=10 -> energy/energy_1_19
Running shots=10 -> energy/energy_1_20
Running shots=100 -> energy/energy_2_6
Running shots=100 -> energy/energy_2_7
Running shots=100 -> energy/energy_2_8
Running shots=100 -> energy/energy_2_9
Running shots=100 -> energy/energy_2_10
Running shots=100 -> energy/energy_2_11
Running shots=100 -> energy/energy_2_12
Running shots=100 -> energy/energy_2_13
Running shots=100 -> energy/energy_2_14
Running shots=100 -> energy/energy_2_15
Running shots=100 -> energy/energy_2_16
Running shots=100 -> energy/energy_2_17
Running shots=100 -> energy/energy_2_18
Running shots=100 -> energy/energy_2_19
Running shots=100 -> energy/energy_2_20
Running shots=1000 -> energy/energy_3_6
Running shots=1000 -> energy/energy_3_7
Running shots=1000 -> energy/energy_3_8
Running shots=1000 -> energy/energy_3_9
Running shots=1000 -> energy/energy_3_10
Running shots=1000 -> energy/energy_3_11
Running shots=1000 -> energy/energy_3_12
Running shots=1000 -> energy/energy_3_13
Running shots=1000 -> energy/energy_3_14
Running shots=1000 -> energy/energy_3_15
Running shots=1000 -> energy/energy_3_16
Running shots=1000 -> energy/energy_3_17
Running shots=1000 -> energy/energy_3_18
Running shots=1000 -> energy/energy_3_19
Running shots=1000 -> energy/energy_3_20
Running shots=10000 -> energy/energy_4_6
Running shots=10000 -> energy/energy_4_7
Running shots=10000 -> energy/energy_4_8
Running shots=10000 -> energy/energy_4_9
Running shots=10000 -> energy/energy_4_10
Running shots=10000 -> energy/energy_4_11
Running shots=10000 -> energy/energy_4_12
Running shots=10000 -> energy/energy_4_13
Running shots=10000 -> energy/energy_4_14
Running shots=10000 -> energy/energy_4_15
Running shots=10000 -> energy/energy_4_16
Running shots=10000 -> energy/energy_4_17
Running shots=10000 -> energy/energy_4_18
Running shots=10000 -> energy/energy_4_19
Running shots=10000 -> energy/energy_4_20
Running shots=100000 -> energy/energy_5_6
Running shots=100000 -> energy/energy_5_7
Running shots=100000 -> energy/energy_5_8
Running shots=100000 -> energy/energy_5_9
Running shots=100000 -> energy/energy_5_10
Running shots=100000 -> energy/energy_5_11
Running shots=100000 -> energy/energy_5_12
Running shots=100000 -> energy/energy_5_13
Running shots=100000 -> energy/energy_5_14
Running shots=100000 -> energy/energy_5_15
Running shots=100000 -> energy/energy_5_16
Running shots=100000 -> energy/energy_5_17
Running shots=100000 -> energy/energy_5_18
Running shots=100000 -> energy/energy_5_19
Running shots=100000 -> energy/energy_5_20
Running shots=1000000 -> energy/energy_6_6
Running shots=1000000 -> energy/energy_6_7
Running shots=1000000 -> energy/energy_6_8
Running shots=1000000 -> energy/energy_6_9
Running shots=1000000 -> energy/energy_6_10
Running shots=1000000 -> energy/energy_6_11
Running shots=1000000 -> energy/energy_6_12
Running shots=1000000 -> energy/energy_6_13
Running shots=1000000 -> energy/energy_6_14
Running shots=1000000 -> energy/energy_6_15
Running shots=1000000 -> energy/energy_6_16
Running shots=1000000 -> energy/energy_6_17
Running shots=1000000 -> energy/energy_6_18
Running shots=1000000 -> energy/energy_6_19
Running shots=1000000 -> energy/energy_6_20
Running shots=10000000 -> energy/energy_7_6
Running shots=10000000 -> energy/energy_7_7
Running shots=10000000 -> energy/energy_7_8
Running shots=10000000 -> energy/energy_7_9
Running shots=10000000 -> energy/energy_7_10
Running shots=10000000 -> energy/energy_7_11
Running shots=10000000 -> energy/energy_7_12
Running shots=10000000 -> energy/energy_7_13
Running shots=10000000 -> energy/energy_7_14
Running shots=10000000 -> energy/energy_7_15
Running shots=10000000 -> energy/energy_7_16
Running shots=10000000 -> energy/energy_7_17
Running shots=10000000 -> energy/energy_7_18
Running shots=10000000 -> energy/energy_7_19
Running shots=10000000 -> energy/energy_7_20
ALL DONE.
Running shots=10 -> energy/energy_1_6
Running shots=10 -> energy/energy_1_7
Running shots=10 -> energy/energy_1_8
Running shots=10 -> energy/energy_1_9
Running shots=10 -> energy/energy_1_10
Running shots=10 -> energy/energy_1_11
Running shots=10 -> energy/energy_1_12
Running shots=10 -> energy/energy_1_13
Running shots=10 -> energy/energy_1_14
Running shots=10 -> energy/energy_1_15
Running shots=10 -> energy/energy_1_16
Running shots=10 -> energy/energy_1_17
Running shots=10 -> energy/energy_1_18
Running shots=10 -> energy/energy_1_19
Running shots=10 -> energy/energy_1_20
Running shots=100 -> energy/energy_2_6
Running shots=100 -> energy/energy_2_7
Running shots=100 -> energy/energy_2_8
Running shots=100 -> energy/energy_2_9
Running shots=100 -> energy/energy_2_10
Running shots=100 -> energy/energy_2_11
Running shots=100 -> energy/energy_2_12
Running shots=100 -> energy/energy_2_13
Running shots=100 -> energy/energy_2_14
Running shots=100 -> energy/energy_2_15
Running shots=100 -> energy/energy_2_16
Running shots=100 -> energy/energy_2_17
Running shots=100 -> energy/energy_2_18
Running shots=100 -> energy/energy_2_19
Running shots=100 -> energy/energy_2_20
Running shots=1000 -> energy/energy_3_6
Running shots=1000 -> energy/energy_3_7
Running shots=1000 -> energy/energy_3_8
Running shots=1000 -> energy/energy_3_9
Running shots=1000 -> energy/energy_3_10
Running shots=1000 -> energy/energy_3_11
Running shots=1000 -> energy/energy_3_12
Running shots=1000 -> energy/energy_3_13
Running shots=1000 -> energy/energy_3_14
Running shots=1000 -> energy/energy_3_15
Running shots=1000 -> energy/energy_3_16
Running shots=1000 -> energy/energy_3_17
Running shots=1000 -> energy/energy_3_18
Running shots=1000 -> energy/energy_3_19
Running shots=1000 -> energy/energy_3_20
Running shots=10000 -> energy/energy_4_6
Running shots=10000 -> energy/energy_4_7
Running shots=10000 -> energy/energy_4_8
Running shots=10000 -> energy/energy_4_9
Running shots=10000 -> energy/energy_4_10
Running shots=10000 -> energy/energy_4_11
Running shots=10000 -> energy/energy_4_12
Running shots=10000 -> energy/energy_4_13
Running shots=10000 -> energy/energy_4_14
Running shots=10000 -> energy/energy_4_15
Running shots=10000 -> energy/energy_4_16
Running shots=10000 -> energy/energy_4_17
Running shots=10000 -> energy/energy_4_18
Running shots=10000 -> energy/energy_4_19
Running shots=10000 -> energy/energy_4_20
Running shots=100000 -> energy/energy_5_6
Running shots=100000 -> energy/energy_5_7
Running shots=100000 -> energy/energy_5_8
Running shots=100000 -> energy/energy_5_9
Running shots=100000 -> energy/energy_5_10
Running shots=100000 -> energy/energy_5_11
Running shots=100000 -> energy/energy_5_12
Running shots=100000 -> energy/energy_5_13
Running shots=100000 -> energy/energy_5_14
Running shots=100000 -> energy/energy_5_15
Running shots=100000 -> energy/energy_5_16
Running shots=100000 -> energy/energy_5_17
Running shots=100000 -> energy/energy_5_18
Running shots=100000 -> energy/energy_5_19
Running shots=100000 -> energy/energy_5_20
Running shots=1000000 -> energy/energy_6_6
Running shots=1000000 -> energy/energy_6_7
Running shots=1000000 -> energy/energy_6_8
Running shots=1000000 -> energy/energy_6_9
Running shots=1000000 -> energy/energy_6_10
Running shots=1000000 -> energy/energy_6_11
Running shots=1000000 -> energy/energy_6_12
Running shots=1000000 -> energy/energy_6_13
Running shots=1000000 -> energy/energy_6_14
Running shots=1000000 -> energy/energy_6_15
Running shots=1000000 -> energy/energy_6_16
Running shots=1000000 -> energy/energy_6_17
Running shots=1000000 -> energy/energy_6_18
Running shots=1000000 -> energy/energy_6_19
Running shots=1000000 -> energy/energy_6_20
Running shots=10000000 -> energy/energy_7_6
Running shots=10000000 -> energy/energy_7_7
Running shots=10000000 -> energy/energy_7_8
Running shots=10000000 -> energy/energy_7_9
Running shots=10000000 -> energy/energy_7_10
Running shots=10000000 -> energy/energy_7_11
Running shots=10000000 -> energy/energy_7_12
Running shots=10000000 -> energy/energy_7_13
Running shots=10000000 -> energy/energy_7_14
Running shots=10000000 -> energy/energy_7_15
Running shots=10000000 -> energy/energy_7_16
Running shots=10000000 -> energy/energy_7_17
Running shots=10000000 -> energy/energy_7_18
Running shots=10000000 -> energy/energy_7_19
Running shots=10000000 -> energy/energy_7_20
ALL DONE.
Running shots=10 -> energy/energy_1_6
Running shots=10 -> energy/energy_1_7
Running shots=10 -> energy/energy_1_8
Running shots=10 -> energy/energy_1_9
Running shots=10 -> energy/energy_1_10
Running shots=10 -> energy/energy_1_11
Running shots=10 -> energy/energy_1_12
Running shots=10 -> energy/energy_1_13
Running shots=10 -> energy/energy_1_14
Running shots=10 -> energy/energy_1_15
Running shots=10 -> energy/energy_1_16
Running shots=10 -> energy/energy_1_17
Running shots=10 -> energy/energy_1_18
Running shots=10 -> energy/energy_1_19
Running shots=10 -> energy/energy_1_20
Running shots=100 -> energy/energy_2_6
Running shots=100 -> energy/energy_2_7
Running shots=100 -> energy/energy_2_8
Running shots=100 -> energy/energy_2_9
Running shots=100 -> energy/energy_2_10
Running shots=100 -> energy/energy_2_11
Running shots=100 -> energy/energy_2_12
Running shots=100 -> energy/energy_2_13
Running shots=100 -> energy/energy_2_14
Running shots=100 -> energy/energy_2_15
Running shots=100 -> energy/energy_2_16
Running shots=100 -> energy/energy_2_17
Running shots=100 -> energy/energy_2_18
Running shots=100 -> energy/energy_2_19
Running shots=100 -> energy/energy_2_20
Running shots=1000 -> energy/energy_3_6
Running shots=1000 -> energy/energy_3_7
Running shots=1000 -> energy/energy_3_8
Running shots=1000 -> energy/energy_3_9
Running shots=1000 -> energy/energy_3_10
Running shots=1000 -> energy/energy_3_11
Running shots=1000 -> energy/energy_3_12
Running shots=1000 -> energy/energy_3_13
Running shots=1000 -> energy/energy_3_14
Running shots=1000 -> energy/energy_3_15
Running shots=1000 -> energy/energy_3_16
Running shots=1000 -> energy/energy_3_17
Running shots=1000 -> energy/energy_3_18
Running shots=1000 -> energy/energy_3_19
Running shots=1000 -> energy/energy_3_20
Running shots=10000 -> energy/energy_4_6
Running shots=10000 -> energy/energy_4_7
Running shots=10000 -> energy/energy_4_8
Running shots=10000 -> energy/energy_4_9
Running shots=10000 -> energy/energy_4_10
Running shots=10000 -> energy/energy_4_11
Running shots=10000 -> energy/energy_4_12
Running shots=10000 -> energy/energy_4_13
Running shots=10000 -> energy/energy_4_14
Running shots=10000 -> energy/energy_4_15
Running shots=10000 -> energy/energy_4_16
Running shots=10000 -> energy/energy_4_17
Running shots=10000 -> energy/energy_4_18
Running shots=10000 -> energy/energy_4_19
Running shots=10000 -> energy/energy_4_20
Running shots=100000 -> energy/energy_5_6
Running shots=100000 -> energy/energy_5_7
Running shots=100000 -> energy/energy_5_8
Running shots=100000 -> energy/energy_5_9
Running shots=100000 -> energy/energy_5_10
Running shots=100000 -> energy/energy_5_11
Running shots=100000 -> energy/energy_5_12
Running shots=100000 -> energy/energy_5_13
Running shots=100000 -> energy/energy_5_14
Running shots=100000 -> energy/energy_5_15
Running shots=100000 -> energy/energy_5_16
Running shots=100000 -> energy/energy_5_17
Running shots=100000 -> energy/energy_5_18
Running shots=100000 -> energy/energy_5_19
Running shots=100000 -> energy/energy_5_20
Running shots=1000000 -> energy/energy_6_6
Running shots=1000000 -> energy/energy_6_7
Running shots=1000000 -> energy/energy_6_8
Running shots=1000000 -> energy/energy_6_9
Running shots=1000000 -> energy/energy_6_10
Running shots=1000000 -> energy/energy_6_11
Running shots=1000000 -> energy/energy_6_12
Running shots=1000000 -> energy/energy_6_13
Running shots=1000000 -> energy/energy_6_14
Running shots=1000000 -> energy/energy_6_15
Running shots=1000000 -> energy/energy_6_16
Running shots=1000000 -> energy/energy_6_17
Running shots=1000000 -> energy/energy_6_18
Running shots=1000000 -> energy/energy_6_19
Running shots=1000000 -> energy/energy_6_20
Running shots=10000000 -> energy/energy_7_6
Running shots=10000000 -> energy/energy_7_7
Running shots=10000000 -> energy/energy_7_8
Running shots=10000000 -> energy/energy_7_9
Running shots=10000000 -> energy/energy_7_10
Running shots=10000000 -> energy/energy_7_11
Running shots=10000000 -> energy/energy_7_12
Running shots=10000000 -> energy/energy_7_13
Running shots=10000000 -> energy/energy_7_14
Running shots=10000000 -> energy/energy_7_15
Running shots=10000000 -> energy/energy_7_16
Running shots=10000000 -> energy/energy_7_17
Running shots=10000000 -> energy/energy_7_18
Running shots=10000000 -> energy/energy_7_19
Running shots=10000000 -> energy/energy_7_20
ALL DONE.
